C:\Users\cse\Desktop\identity.py
C:\Users\cse\Desktop\identity operation.py
C:\Users\cse\Desktop\multiplication.py
C:\Users\cse\Desktop\bit wise operation.py
C:\Users\cse\Desktop\bit wise.py
C:\Users\cse\Desktop\bit.py
C:\Users\cse\Desktop\largest.py
C:\Users\cse\Desktop\swap.py
C:\Users\cse\Desktop\arithematic.py
C:\Users\cse\Desktop\relational.py
C:\Users\cse\Desktop\asssignment.py
C:\Users\cse\Desktop\logical.py
C:\Users\cse\Desktop\membership.py
C:\Users\cse\AppData\Local\Programs\Python\Python312\largest element.py
C:\Users\cse\AppData\Local\Programs\Python\Python312\sawp.py
C:\Users\cse\AppData\Local\Programs\Python\Python312\arithmetic.py
C:\Users\cse\AppData\Local\Programs\Python\Python312\relational.py
C:\Users\cse\AppData\Local\Programs\Python\Python312\assignment.py
C:\Users\cse\AppData\Local\Programs\Python\Python312\logical.py
C:\Users\cse\AppData\Local\Programs\Python\Python312\bit wise.py
C:\Users\cse\AppData\Local\Programs\Python\Python312\ev.py
